<?xml version="1.0" encoding="UTF-8"?>
<!-- Generated by org.testng.reporters.JUnitXMLReporter -->
<testsuite ignored="0" hostname="Rajats-MacBook-Pro.local" failures="0" tests="3" name="Default test" time="19.041" errors="0" timestamp="2023-07-28T18:56:07 IST">
  <testcase classname="com.algoworks.automationmobile.base_RR.AndroidTestCases" name="testUserActions" time="0.007"/>
  <testcase classname="com.algoworks.automationmobile.base_RR.AndroidTestCases" name="testUserActions" time="0.002"/>
  <testcase classname="com.algoworks.automationmobile.base_RR.AndroidTestCases" name="testUserActions" time="0.002"/>
</testsuite> <!-- Default test -->
