<?xml version="1.0" encoding="UTF-8"?>
<!-- Generated by org.testng.reporters.JUnitXMLReporter -->
<testsuite ignored="0" hostname="Rajats-MacBook-Pro.local" failures="0" tests="2" name="LoginTest" time="6.844" errors="0" timestamp="2023-07-27T18:30:30 IST">
  <testcase classname="com.algoworks.automationmobile.Base.MainInitiator" name="startTest" time="0.138"/>
  <testcase classname="com.algoworks.automationmobile.Base.MainInitiator" name="startTest" time="0.057"/>
</testsuite> <!-- LoginTest -->
