<?xml version="1.0" encoding="UTF-8"?>
<!-- Generated by org.testng.reporters.JUnitXMLReporter -->
<testsuite ignored="0" hostname="Rajats-MacBook-Pro.local" failures="1" tests="1" name="Verify first name" time="6.409" errors="0" timestamp="2023-07-27T16:50:19 IST">
  <testcase classname="com.algoworks.automationmobile.Base.MainInitiator" name="startTest" time="0.008">
    <failure type="org.testng.internal.reflect.MethodMatcherException" message="
[public void com.algoworks.automationmobile.Base.MainInitiator.startTest(java.lang.String,java.lang.String,java.lang.String)] has no parameters defined but was found to be using a data provider (either explicitly specified or inherited from class level annotation).
Data provider mismatch
Method: startTest([Parameter{index=0, type=java.lang.String, declaredAnnotations=[]}, Parameter{index=1, type=java.lang.String, declaredAnnotations=[]}, Parameter{index=2, type=java.lang.String, declaredAnnotations=[]}])
Arguments: [(java.lang.String) Verify first name,(java.lang.String) VERIFY,(java.lang.String) Y,(java.lang.String) com.southwestern:id/first_name,(java.lang.String) 0,(java.lang.String) Resource ID,(java.lang.String) Donald]">
      <![CDATA[org.testng.internal.reflect.MethodMatcherException: 
[public void com.algoworks.automationmobile.Base.MainInitiator.startTest(java.lang.String,java.lang.String,java.lang.String)] has no parameters defined but was found to be using a data provider (either explicitly specified or inherited from class level annotation).
Data provider mismatch
Method: startTest([Parameter{index=0, type=java.lang.String, declaredAnnotations=[]}, Parameter{index=1, type=java.lang.String, declaredAnnotations=[]}, Parameter{index=2, type=java.lang.String, declaredAnnotations=[]}])
Arguments: [(java.lang.String) Verify first name,(java.lang.String) VERIFY,(java.lang.String) Y,(java.lang.String) com.southwestern:id/first_name,(java.lang.String) 0,(java.lang.String) Resource ID,(java.lang.String) Donald]
at java.base/java.util.ArrayList.forEach(ArrayList.java:1511)
at java.base/java.util.concurrent.FutureTask.run(FutureTask.java:264)
at java.base/java.util.concurrent.ThreadPoolExecutor.runWorker(ThreadPoolExecutor.java:1136)
at java.base/java.util.concurrent.ThreadPoolExecutor$Worker.run(ThreadPoolExecutor.java:635)
at java.base/java.lang.Thread.run(Thread.java:833)
... Removed 13 stack frames]]>
    </failure>
  </testcase> <!-- startTest -->
</testsuite> <!-- Verify first name -->
