<?xml version="1.0" encoding="UTF-8"?>
<!-- Generated by org.testng.reporters.JUnitXMLReporter -->
<testsuite ignored="0" hostname="Rajats-MacBook-Pro.local" failures="0" tests="2" name="Android Test Case" time="17.461" errors="0" timestamp="2023-07-28T14:12:38 IST">
  <testcase classname="com.algoworks.automationmobile.base_RR.AndroidTestCases" name="testCase1" time="5.114"/>
  <testcase classname="com.algoworks.automationmobile.base_RR.AndroidTestCases" name="testCase1" time="5.076"/>
</testsuite> <!-- Android Test Case -->
