<?xml version="1.0" encoding="UTF-8"?>
<testsuite xmlns:xsi="http://www.w3.org/2001/XMLSchema-instance" xsi:noNamespaceSchemaLocation="https://maven.apache.org/surefire/maven-surefire-plugin/xsd/surefire-test-report-3.0.xsd" version="3.0" name="TestSuite" time="172.501" tests="8" errors="0" skipped="0" failures="1">
  <properties>
[...]
</properties>
  <testcase name="testAndroidUserActions[{appPackage=com.thirdrock, execution=Yes, noReset=TRUE, elementId2=, elementId1=, deviceName=Pixel 6 API 33, appPath=/Users/rajatrawat/Documents/appium-mobile-automation/app-prod-devel-release.apk, elementId4=, Sheet Name=Name: /xl/worksheets/sheet3.xml - Content Type: application/vnd.openxmlformats-officedocument.spreadsheetml.worksheet+xml, elementId3=, appActivity=com.thirdrock.view.activity.StartActivity, platformVersion=13, testMethod=Verify App Launch and Disable Data, automationName=UiAutomator2, action=LaunchAppDisableData, platformName=Android, value=}](1)" classname="com.algoworks.automationmobile.base_RR.ThridRockTestCases" time="0.366">
    <system-out><![CDATA[Combined Element IDs: 
Number of Element IDs: 1
Combined Element IDs: 
Number of Element IDs: 1
Combined Element IDs: 
Number of Element IDs: 1
Combined Element IDs: 
Number of Element IDs: 1
Combined Element IDs: //*[contains(@text,'Skip')]
//*[contains(@text,'Continue')]
com.thirdrock:id/tvHeading
Number of Element IDs: 3
Combined Element IDs: //*[contains(@text,'Continue')]
Number of Element IDs: 1
Combined Element IDs: //*[contains(@text,'Continue')]
//*[contains(@text,'Continue')]
//*[contains(@text,'Get Started')]
//*[contains(@text,'Welcome Inceptor')]
Number of Element IDs: 4
Combined Element IDs: //*[contains(@text,'Continue')]
com.thirdrock:id/tvSkip
//*[contains(@text,'Welcome Inceptor')]
Number of Element IDs: 3
Combined Element IDs: 
Number of Element IDs: 1
Combined Element IDs: 
Number of Element IDs: 1
Combined Element IDs: 
Number of Element IDs: 1
Combined Element IDs: 
Number of Element IDs: 1
Combined Element IDs: //*[contains(@text,'Skip')]
//*[contains(@text,'Continue')]
com.thirdrock:id/tvHeading
Number of Element IDs: 3
Combined Element IDs: //*[contains(@text,'Continue')]
Number of Element IDs: 1
Combined Element IDs: //*[contains(@text,'Continue')]
//*[contains(@text,'Continue')]
//*[contains(@text,'Get Started')]
//*[contains(@text,'Welcome Inceptor')]
Number of Element IDs: 4
Combined Element IDs: //*[contains(@text,'Continue')]
com.thirdrock:id/tvSkip
//*[contains(@text,'Welcome Inceptor')]
Number of Element IDs: 3
Executing test: Verify App Launch and Disable Data with action: LaunchAppDisableData
data is disabled now
]]></system-out>
    <system-err><![CDATA[SLF4J: Failed to load class "org.slf4j.impl.StaticLoggerBinder".
SLF4J: Defaulting to no-operation (NOP) logger implementation
SLF4J: See http://www.slf4j.org/codes.html#StaticLoggerBinder for further details.
Aug 09, 2023 4:10:13 PM io.appium.java_client.remote.AppiumCommandExecutor$1 lambda$0
INFO: Detected dialect: OSS
Aug 09, 2023 4:10:19 PM io.appium.java_client.remote.AppiumCommandExecutor$1 lambda$0
INFO: Detected dialect: OSS
Aug 09, 2023 4:10:25 PM io.appium.java_client.remote.AppiumCommandExecutor$1 lambda$0
INFO: Detected dialect: OSS
Aug 09, 2023 4:10:31 PM io.appium.java_client.remote.AppiumCommandExecutor$1 lambda$0
INFO: Detected dialect: OSS
Aug 09, 2023 4:10:37 PM io.appium.java_client.remote.AppiumCommandExecutor$1 lambda$0
INFO: Detected dialect: OSS
Aug 09, 2023 4:10:43 PM io.appium.java_client.remote.AppiumCommandExecutor$1 lambda$0
INFO: Detected dialect: OSS
Aug 09, 2023 4:10:49 PM io.appium.java_client.remote.AppiumCommandExecutor$1 lambda$0
INFO: Detected dialect: OSS
Aug 09, 2023 4:10:54 PM io.appium.java_client.remote.AppiumCommandExecutor$1 lambda$0
INFO: Detected dialect: OSS
]]></system-err>
  </testcase>
  <testcase name="testAndroidUserActions[{appPackage=com.thirdrock, execution=Yes, noReset=TRUE, elementId2=, elementId1=, deviceName=Pixel 6 API 33, appPath=/Users/rajatrawat/Documents/appium-mobile-automation/app-prod-devel-release.apk, elementId4=, Sheet Name=Name: /xl/worksheets/sheet3.xml - Content Type: application/vnd.openxmlformats-officedocument.spreadsheetml.worksheet+xml, elementId3=, appActivity=com.thirdrock.view.activity.StartActivity, platformVersion=13, testMethod=Verify App is Installed, automationName=UiAutomator2, action=IsAppInstalled, platformName=Android, value=}](2)" classname="com.algoworks.automationmobile.base_RR.ThridRockTestCases" time="0.082">
    <system-out><![CDATA[Executing test: Verify App is Installed with action: IsAppInstalled
com.thirdrock
]]></system-out>
  </testcase>
  <testcase name="testAndroidUserActions[{appPackage=com.thirdrock, execution=Yes, noReset=TRUE, elementId2=, elementId1=, deviceName=Pixel 6 API 33, appPath=/Users/rajatrawat/Documents/appium-mobile-automation/app-prod-devel-release.apk, elementId4=, Sheet Name=Name: /xl/worksheets/sheet3.xml - Content Type: application/vnd.openxmlformats-officedocument.spreadsheetml.worksheet+xml, elementId3=, appActivity=com.thirdrock.view.activity.StartActivity, platformVersion=13, testMethod=Verify App Launch and Disable Wifi, automationName=UiAutomator2, action=LaunchAppDisableWifi, platformName=Android, value=}](3)" classname="com.algoworks.automationmobile.base_RR.ThridRockTestCases" time="0.16">
    <system-out><![CDATA[Executing test: Verify App Launch and Disable Wifi with action: LaunchAppDisableWifi
wifi is disabled now
]]></system-out>
  </testcase>
  <testcase name="testAndroidUserActions[{appPackage=com.thirdrock, execution=Yes, noReset=TRUE, elementId2=, elementId1=, deviceName=Pixel 6 API 33, appPath=/Users/rajatrawat/Documents/appium-mobile-automation/app-prod-devel-release.apk, elementId4=, Sheet Name=Name: /xl/worksheets/sheet3.xml - Content Type: application/vnd.openxmlformats-officedocument.spreadsheetml.worksheet+xml, elementId3=, appActivity=com.thirdrock.view.activity.StartActivity, platformVersion=13, testMethod=Verify App is Removed, automationName=UiAutomator2, action=IsAppRemoved, platformName=Android, value=}](4)" classname="com.algoworks.automationmobile.base_RR.ThridRockTestCases" time="0.475">
    <system-out><![CDATA[Executing test: Verify App is Removed with action: IsAppRemoved
com.thirdrock
]]></system-out>
  </testcase>
  <testcase name="testAndroidUserActions[{appPackage=com.thirdrock, execution=Yes, noReset=TRUE, elementId2=//*[contains(@text,&apos;Continue&apos;)], elementId1=//*[contains(@text,&apos;Skip&apos;)], deviceName=Pixel 6 API 33, appPath=/Users/rajatrawat/Documents/appium-mobile-automation/app-prod-devel-release.apk, elementId4=, Sheet Name=Name: /xl/worksheets/sheet3.xml - Content Type: application/vnd.openxmlformats-officedocument.spreadsheetml.worksheet+xml, elementId3=com.thirdrock:id/tvHeading, appActivity=com.thirdrock.view.activity.StartActivity, platformVersion=13, testMethod=Verify Screen Content, automationName=UiAutomator2, action=VerifyScreenContent, platformName=Android, value=}](5)" classname="com.algoworks.automationmobile.base_RR.ThridRockTestCases" time="4.545">
    <system-out><![CDATA[Executing test: Verify Screen Content with action: VerifyScreenContent
Screen content verification successful.
element1: Skip
element2: Continue
element3: Choose & Save
All are present on the screen.
]]></system-out>
  </testcase>
  <testcase name="testAndroidUserActions[{appPackage=com.thirdrock, execution=Yes, noReset=TRUE, elementId2=, elementId1=//*[contains(@text,&apos;Continue&apos;)], deviceName=Pixel 6 API 33, appPath=/Users/rajatrawat/Documents/appium-mobile-automation/app-prod-devel-release.apk, elementId4=, Sheet Name=Name: /xl/worksheets/sheet3.xml - Content Type: application/vnd.openxmlformats-officedocument.spreadsheetml.worksheet+xml, elementId3=, appActivity=com.thirdrock.view.activity.StartActivity, platformVersion=13, testMethod=Click Continue Button, automationName=UiAutomator2, action=ClickContinueButton, platformName=Android, value=}](6)" classname="com.algoworks.automationmobile.base_RR.ThridRockTestCases" time="6.367">
    <system-out><![CDATA[Executing test: Click Continue Button with action: ClickContinueButton
Tap Performed successfully..
]]></system-out>
  </testcase>
  <testcase name="testAndroidUserActions[{appPackage=com.thirdrock, execution=Yes, noReset=TRUE, elementId2=//*[contains(@text,&apos;Continue&apos;)], elementId1=//*[contains(@text,&apos;Continue&apos;)], deviceName=Pixel 6 API 33, appPath=/Users/rajatrawat/Documents/appium-mobile-automation/app-prod-devel-release.apk, elementId4=//*[contains(@text,&apos;Welcome Inceptor&apos;)], Sheet Name=Name: /xl/worksheets/sheet3.xml - Content Type: application/vnd.openxmlformats-officedocument.spreadsheetml.worksheet+xml, elementId3=//*[contains(@text,&apos;Get Started&apos;)], appActivity=com.thirdrock.view.activity.StartActivity, platformVersion=13, testMethod=navigateToFirstScreenTest, automationName=UiAutomator2, action=NavigateToFirstScreen, platformName=Android, value=}](7)" classname="com.algoworks.automationmobile.base_RR.ThridRockTestCases" time="92.868">
    <failure message="Navigation to the first screen failed." type="java.lang.AssertionError"><![CDATA[java.lang.AssertionError: Navigation to the first screen failed.
	at com.algoworks.automationmobile.base_RR.ThridRockTestCases.testAndroidUserActions(ThridRockTestCases.java:85)
]]></failure>
    <system-out><![CDATA[Executing test: navigateToFirstScreenTest with action: NavigateToFirstScreen
Element ID 1: //*[contains(@text,'Continue')]
Element ID 2: //*[contains(@text,'Continue')]
Element ID 3: //*[contains(@text,'Get Started')]
Element ID 4: //*[contains(@text,'Welcome Inceptor')]
Navigation to the first screen failed.
]]></system-out>
    <system-err><![CDATA[org.openqa.selenium.TimeoutException: Expected condition failed: waiting for com.algoworks.automationmobile.base_RR.ThirdRockAppAction$$Lambda$550/0x000000080044c040@5dc769f9 (tried for 90 second(s) with 2000 milliseconds interval)
	at org.openqa.selenium.support.ui.FluentWait.timeoutException(FluentWait.java:304)
	at org.openqa.selenium.support.ui.FluentWait.until(FluentWait.java:272)
	at com.algoworks.automationmobile.base_RR.ThirdRockAppAction.navigateToFirstScreen(ThirdRockAppAction.java:113)
	at com.algoworks.automationmobile.base_RR.ThridRockTestCases.testAndroidUserActions(ThridRockTestCases.java:85)
	at java.base/jdk.internal.reflect.NativeMethodAccessorImpl.invoke0(Native Method)
	at java.base/jdk.internal.reflect.NativeMethodAccessorImpl.invoke(NativeMethodAccessorImpl.java:62)
	at java.base/jdk.internal.reflect.DelegatingMethodAccessorImpl.invoke(DelegatingMethodAccessorImpl.java:43)
	at java.base/java.lang.reflect.Method.invoke(Method.java:566)
	at org.testng.internal.invokers.MethodInvocationHelper.invokeMethod(MethodInvocationHelper.java:139)
	at org.testng.internal.invokers.TestInvoker.invokeMethod(TestInvoker.java:664)
	at org.testng.internal.invokers.TestInvoker.invokeTestMethod(TestInvoker.java:227)
	at org.testng.internal.invokers.MethodRunner.runInSequence(MethodRunner.java:50)
	at org.testng.internal.invokers.TestInvoker$MethodInvocationAgent.invoke(TestInvoker.java:957)
	at org.testng.internal.invokers.TestInvoker.invokeTestMethods(TestInvoker.java:200)
	at org.testng.internal.invokers.TestMethodWorker.invokeTestMethods(TestMethodWorker.java:148)
	at org.testng.internal.invokers.TestMethodWorker.run(TestMethodWorker.java:128)
	at java.base/java.util.ArrayList.forEach(ArrayList.java:1541)
	at org.testng.TestRunner.privateRun(TestRunner.java:848)
	at org.testng.TestRunner.run(TestRunner.java:621)
	at org.testng.SuiteRunner.runTest(SuiteRunner.java:443)
	at org.testng.SuiteRunner.runSequentially(SuiteRunner.java:437)
	at org.testng.SuiteRunner.privateRun(SuiteRunner.java:397)
	at org.testng.SuiteRunner.run(SuiteRunner.java:336)
	at org.testng.SuiteRunnerWorker.runSuite(SuiteRunnerWorker.java:52)
	at org.testng.SuiteRunnerWorker.run(SuiteRunnerWorker.java:95)
	at org.testng.TestNG.runSuitesSequentially(TestNG.java:1280)
	at org.testng.TestNG.runSuitesLocally(TestNG.java:1200)
	at org.testng.TestNG.runSuites(TestNG.java:1114)
	at org.testng.TestNG.run(TestNG.java:1082)
	at org.apache.maven.surefire.testng.TestNGExecutor.run(TestNGExecutor.java:284)
	at org.apache.maven.surefire.testng.TestNGXmlTestSuite.execute(TestNGXmlTestSuite.java:75)
	at org.apache.maven.surefire.testng.TestNGProvider.invoke(TestNGProvider.java:119)
	at org.apache.maven.surefire.booter.ForkedBooter.runSuitesInProcess(ForkedBooter.java:428)
	at org.apache.maven.surefire.booter.ForkedBooter.execute(ForkedBooter.java:162)
	at org.apache.maven.surefire.booter.ForkedBooter.run(ForkedBooter.java:562)
	at org.apache.maven.surefire.booter.ForkedBooter.main(ForkedBooter.java:548)
Caused by: org.openqa.selenium.NoSuchElementException: An element could not be located on the page using the given search parameters. (WARNING: The server did not provide any stacktrace information)
Command duration or timeout: 0 milliseconds
For documentation on this error, please visit: https://www.seleniumhq.org/exceptions/no_such_element.html
Build info: version: '3.141.59', revision: 'e82be7d358', time: '2018-11-14T08:17:03'
System info: host: 'Rajats-MacBook-Pro.local', ip: '2406:b400:52:c59e:ade9:2088:b600:172e%en0', os.name: 'Mac OS X', os.arch: 'x86_64', os.version: '13.4.1', java.version: '11.0.15'
Driver info: io.appium.java_client.android.AndroidDriver
Capabilities {app: /Users/rajatrawat/Documents..., appActivity: com.thirdrock.view.activity..., appPackage: com.thirdrock, automationName: UiAutomator2, databaseEnabled: false, desired: {app: /Users/rajatrawat/Documents..., appActivity: com.thirdrock.view.activity..., appPackage: com.thirdrock, automationName: UiAutomator2, deviceName: Pixel 6 API 33, noReset: true, platformName: Android, platformVersion: 13}, deviceApiLevel: 33, deviceManufacturer: Google, deviceModel: sdk_gphone64_arm64, deviceName: emulator-5554, deviceScreenDensity: 420, deviceScreenSize: 1080x2400, deviceUDID: emulator-5554, javascriptEnabled: true, locationContextEnabled: false, networkConnectionEnabled: true, noReset: true, pixelRatio: 2.625, platform: LINUX, platformName: Android, platformVersion: 13, statBarHeight: 136, takesScreenshot: true, viewportRect: {height: 2065, left: 0, top: 136, width: 1080}, warnings: {}, webStorageEnabled: false}
Session ID: 974246bf-0dd4-4157-a4cd-78c8eb02bdbe
*** Element info: {Using=xpath, value=//*[contains(@text,'Continue')]}
	at jdk.internal.reflect.GeneratedConstructorAccessor19.newInstance(Unknown Source)
	at java.base/jdk.internal.reflect.DelegatingConstructorAccessorImpl.newInstance(DelegatingConstructorAccessorImpl.java:45)
	at java.base/java.lang.reflect.Constructor.newInstance(Constructor.java:490)
	at org.openqa.selenium.remote.ErrorHandler.createThrowable(ErrorHandler.java:214)
	at org.openqa.selenium.remote.ErrorHandler.throwIfResponseFailed(ErrorHandler.java:166)
	at org.openqa.selenium.remote.http.JsonHttpResponseCodec.reconstructValue(JsonHttpResponseCodec.java:40)
	at org.openqa.selenium.remote.http.AbstractHttpResponseCodec.decode(AbstractHttpResponseCodec.java:80)
	at org.openqa.selenium.remote.http.AbstractHttpResponseCodec.decode(AbstractHttpResponseCodec.java:44)
	at org.openqa.selenium.remote.HttpCommandExecutor.execute(HttpCommandExecutor.java:158)
	at io.appium.java_client.remote.AppiumCommandExecutor.execute(AppiumCommandExecutor.java:247)
	at org.openqa.selenium.remote.RemoteWebDriver.execute(RemoteWebDriver.java:552)
	at io.appium.java_client.DefaultGenericMobileDriver.execute(DefaultGenericMobileDriver.java:41)
	at io.appium.java_client.AppiumDriver.execute(AppiumDriver.java:1)
	at io.appium.java_client.android.AndroidDriver.execute(AndroidDriver.java:1)
	at org.openqa.selenium.remote.RemoteWebDriver.findElement(RemoteWebDriver.java:323)
	at io.appium.java_client.DefaultGenericMobileDriver.findElement(DefaultGenericMobileDriver.java:61)
	at io.appium.java_client.AppiumDriver.findElement(AppiumDriver.java:1)
	at io.appium.java_client.android.AndroidDriver.findElement(AndroidDriver.java:1)
	at org.openqa.selenium.remote.RemoteWebDriver.findElementByXPath(RemoteWebDriver.java:428)
	at io.appium.java_client.DefaultGenericMobileDriver.findElementByXPath(DefaultGenericMobileDriver.java:151)
	at io.appium.java_client.AppiumDriver.findElementByXPath(AppiumDriver.java:1)
	at io.appium.java_client.android.AndroidDriver.findElementByXPath(AndroidDriver.java:1)
	at org.openqa.selenium.By$ByXPath.findElement(By.java:353)
	at org.openqa.selenium.remote.RemoteWebDriver.findElement(RemoteWebDriver.java:315)
	at io.appium.java_client.DefaultGenericMobileDriver.findElement(DefaultGenericMobileDriver.java:57)
	at io.appium.java_client.AppiumDriver.findElement(AppiumDriver.java:1)
	at io.appium.java_client.android.AndroidDriver.findElement(AndroidDriver.java:1)
	at com.algoworks.automationmobile.base_RR.ThirdRockAppAction.lambda$navigateToFirstScreen$3(ThirdRockAppAction.java:113)
	at org.openqa.selenium.support.ui.FluentWait.until(FluentWait.java:249)
	... 34 more
]]></system-err>
  </testcase>
  <testcase name="testAndroidUserActions[{appPackage=com.thirdrock, execution=Yes, noReset=TRUE, elementId2=com.thirdrock:id/tvSkip, elementId1=//*[contains(@text,&apos;Continue&apos;)], deviceName=Pixel 6 API 33, appPath=/Users/rajatrawat/Documents/appium-mobile-automation/app-prod-devel-release.apk, elementId4=, Sheet Name=Name: /xl/worksheets/sheet3.xml - Content Type: application/vnd.openxmlformats-officedocument.spreadsheetml.worksheet+xml, elementId3=//*[contains(@text,&apos;Welcome Inceptor&apos;)], appActivity=com.thirdrock.view.activity.StartActivity, platformVersion=13, testMethod=Click Skip Button, automationName=UiAutomator2, action=ClickSkipButton, platformName=Android, value=}](8)" classname="com.algoworks.automationmobile.base_RR.ThridRockTestCases" time="7.379">
    <system-out><![CDATA[Executing test: Click Skip Button with action: ClickSkipButton
Element ID 1: //*[contains(@text,'Continue')]
Element ID 2: com.thirdrock:id/tvSkip
Element ID 3: //*[contains(@text,'Welcome Inceptor')]
Element clicked successfully.
Element clicked successfully.
]]></system-out>
  </testcase>
</testsuite>