<?xml version="1.0" encoding="UTF-8"?>
<testng-results ignored="0" total="8" passed="7" failed="1" skipped="0">
  <reporter-output>
  </reporter-output>
  <suite started-at="2023-08-09T16:10:06 IST" name="Mobile App Test Suite" finished-at="2023-08-09T16:12:58 IST" duration-ms="171330">
    <groups>
    </groups>
    <test started-at="2023-08-09T16:10:06 IST" name="Android Test Cases" finished-at="2023-08-09T16:12:58 IST" duration-ms="171330">
      <class name="com.algoworks.automationmobile.base_RR.ThridRockTestCases">
        <test-method is-config="true" signature="setUp()[pri:0, instance:com.algoworks.automationmobile.base_RR.ThridRockTestCases@2445445a]" started-at="2023-08-09T16:10:06 IST" name="setUp" finished-at="2023-08-09T16:10:54 IST" duration-ms="47983" status="PASS">
          <reporter-output>
          </reporter-output>
        </test-method> <!-- setUp -->
        <test-method is-config="true" signature="launchAppBeforeTestMethod()[pri:0, instance:com.algoworks.automationmobile.base_RR.ThridRockTestCases@2445445a]" started-at="2023-08-09T16:10:55 IST" name="launchAppBeforeTestMethod" finished-at="2023-08-09T16:10:56 IST" duration-ms="1159" status="PASS">
          <reporter-output>
          </reporter-output>
        </test-method> <!-- launchAppBeforeTestMethod -->
        <test-method signature="testAndroidUserActions(java.util.Map)[pri:0, instance:com.algoworks.automationmobile.base_RR.ThridRockTestCases@2445445a]" started-at="2023-08-09T16:10:56 IST" name="testAndroidUserActions" data-provider="thirdrockTestData" finished-at="2023-08-09T16:10:56 IST" duration-ms="358" status="PASS">
          <params>
            <param index="0">
              <value>
                <![CDATA[{appPackage=com.thirdrock, execution=Yes, noReset=TRUE, elementId2=, elementId1=, deviceName=Pixel 6 API 33, appPath=/Users/rajatrawat/Documents/appium-mobile-automation/app-prod-devel-release.apk, elementId4=, Sheet Name=Name: /xl/worksheets/sheet3.xml - Content Type: application/vnd.openxmlformats-officedocument.spreadsheetml.worksheet+xml, elementId3=, appActivity=com.thirdrock.view.activity.StartActivity, platformVersion=13, testMethod=Verify App Launch and Disable Data, automationName=UiAutomator2, action=LaunchAppDisableData, platformName=Android, value=}]]>
              </value>
            </param>
          </params>
          <reporter-output>
          </reporter-output>
        </test-method> <!-- testAndroidUserActions -->
        <test-method is-config="true" signature="launchAppBeforeTestMethod()[pri:0, instance:com.algoworks.automationmobile.base_RR.ThridRockTestCases@2445445a]" started-at="2023-08-09T16:10:56 IST" name="launchAppBeforeTestMethod" finished-at="2023-08-09T16:10:58 IST" duration-ms="1135" status="PASS">
          <reporter-output>
          </reporter-output>
        </test-method> <!-- launchAppBeforeTestMethod -->
        <test-method signature="testAndroidUserActions(java.util.Map)[pri:0, instance:com.algoworks.automationmobile.base_RR.ThridRockTestCases@2445445a]" started-at="2023-08-09T16:10:58 IST" name="testAndroidUserActions" data-provider="thirdrockTestData" finished-at="2023-08-09T16:10:58 IST" duration-ms="81" status="PASS">
          <params>
            <param index="0">
              <value>
                <![CDATA[{appPackage=com.thirdrock, execution=Yes, noReset=TRUE, elementId2=, elementId1=, deviceName=Pixel 6 API 33, appPath=/Users/rajatrawat/Documents/appium-mobile-automation/app-prod-devel-release.apk, elementId4=, Sheet Name=Name: /xl/worksheets/sheet3.xml - Content Type: application/vnd.openxmlformats-officedocument.spreadsheetml.worksheet+xml, elementId3=, appActivity=com.thirdrock.view.activity.StartActivity, platformVersion=13, testMethod=Verify App is Installed, automationName=UiAutomator2, action=IsAppInstalled, platformName=Android, value=}]]>
              </value>
            </param>
          </params>
          <reporter-output>
          </reporter-output>
        </test-method> <!-- testAndroidUserActions -->
        <test-method is-config="true" signature="launchAppBeforeTestMethod()[pri:0, instance:com.algoworks.automationmobile.base_RR.ThridRockTestCases@2445445a]" started-at="2023-08-09T16:10:58 IST" name="launchAppBeforeTestMethod" finished-at="2023-08-09T16:10:59 IST" duration-ms="1178" status="PASS">
          <reporter-output>
          </reporter-output>
        </test-method> <!-- launchAppBeforeTestMethod -->
        <test-method signature="testAndroidUserActions(java.util.Map)[pri:0, instance:com.algoworks.automationmobile.base_RR.ThridRockTestCases@2445445a]" started-at="2023-08-09T16:10:59 IST" name="testAndroidUserActions" data-provider="thirdrockTestData" finished-at="2023-08-09T16:10:59 IST" duration-ms="156" status="PASS">
          <params>
            <param index="0">
              <value>
                <![CDATA[{appPackage=com.thirdrock, execution=Yes, noReset=TRUE, elementId2=, elementId1=, deviceName=Pixel 6 API 33, appPath=/Users/rajatrawat/Documents/appium-mobile-automation/app-prod-devel-release.apk, elementId4=, Sheet Name=Name: /xl/worksheets/sheet3.xml - Content Type: application/vnd.openxmlformats-officedocument.spreadsheetml.worksheet+xml, elementId3=, appActivity=com.thirdrock.view.activity.StartActivity, platformVersion=13, testMethod=Verify App Launch and Disable Wifi, automationName=UiAutomator2, action=LaunchAppDisableWifi, platformName=Android, value=}]]>
              </value>
            </param>
          </params>
          <reporter-output>
          </reporter-output>
        </test-method> <!-- testAndroidUserActions -->
        <test-method is-config="true" signature="launchAppBeforeTestMethod()[pri:0, instance:com.algoworks.automationmobile.base_RR.ThridRockTestCases@2445445a]" started-at="2023-08-09T16:10:59 IST" name="launchAppBeforeTestMethod" finished-at="2023-08-09T16:11:00 IST" duration-ms="1167" status="PASS">
          <reporter-output>
          </reporter-output>
        </test-method> <!-- launchAppBeforeTestMethod -->
        <test-method signature="testAndroidUserActions(java.util.Map)[pri:0, instance:com.algoworks.automationmobile.base_RR.ThridRockTestCases@2445445a]" started-at="2023-08-09T16:11:00 IST" name="testAndroidUserActions" data-provider="thirdrockTestData" finished-at="2023-08-09T16:11:01 IST" duration-ms="472" status="PASS">
          <params>
            <param index="0">
              <value>
                <![CDATA[{appPackage=com.thirdrock, execution=Yes, noReset=TRUE, elementId2=, elementId1=, deviceName=Pixel 6 API 33, appPath=/Users/rajatrawat/Documents/appium-mobile-automation/app-prod-devel-release.apk, elementId4=, Sheet Name=Name: /xl/worksheets/sheet3.xml - Content Type: application/vnd.openxmlformats-officedocument.spreadsheetml.worksheet+xml, elementId3=, appActivity=com.thirdrock.view.activity.StartActivity, platformVersion=13, testMethod=Verify App is Removed, automationName=UiAutomator2, action=IsAppRemoved, platformName=Android, value=}]]>
              </value>
            </param>
          </params>
          <reporter-output>
          </reporter-output>
        </test-method> <!-- testAndroidUserActions -->
        <test-method is-config="true" signature="launchAppBeforeTestMethod()[pri:0, instance:com.algoworks.automationmobile.base_RR.ThridRockTestCases@2445445a]" started-at="2023-08-09T16:11:01 IST" name="launchAppBeforeTestMethod" finished-at="2023-08-09T16:11:03 IST" duration-ms="1962" status="PASS">
          <reporter-output>
          </reporter-output>
        </test-method> <!-- launchAppBeforeTestMethod -->
        <test-method signature="testAndroidUserActions(java.util.Map)[pri:0, instance:com.algoworks.automationmobile.base_RR.ThridRockTestCases@2445445a]" started-at="2023-08-09T16:11:03 IST" name="testAndroidUserActions" data-provider="thirdrockTestData" finished-at="2023-08-09T16:11:07 IST" duration-ms="4540" status="PASS">
          <params>
            <param index="0">
              <value>
                <![CDATA[{appPackage=com.thirdrock, execution=Yes, noReset=TRUE, elementId2=//*[contains(@text,'Continue')], elementId1=//*[contains(@text,'Skip')], deviceName=Pixel 6 API 33, appPath=/Users/rajatrawat/Documents/appium-mobile-automation/app-prod-devel-release.apk, elementId4=, Sheet Name=Name: /xl/worksheets/sheet3.xml - Content Type: application/vnd.openxmlformats-officedocument.spreadsheetml.worksheet+xml, elementId3=com.thirdrock:id/tvHeading, appActivity=com.thirdrock.view.activity.StartActivity, platformVersion=13, testMethod=Verify Screen Content, automationName=UiAutomator2, action=VerifyScreenContent, platformName=Android, value=}]]>
              </value>
            </param>
          </params>
          <reporter-output>
          </reporter-output>
        </test-method> <!-- testAndroidUserActions -->
        <test-method is-config="true" signature="launchAppBeforeTestMethod()[pri:0, instance:com.algoworks.automationmobile.base_RR.ThridRockTestCases@2445445a]" started-at="2023-08-09T16:11:07 IST" name="launchAppBeforeTestMethod" finished-at="2023-08-09T16:11:08 IST" duration-ms="1165" status="PASS">
          <reporter-output>
          </reporter-output>
        </test-method> <!-- launchAppBeforeTestMethod -->
        <test-method signature="testAndroidUserActions(java.util.Map)[pri:0, instance:com.algoworks.automationmobile.base_RR.ThridRockTestCases@2445445a]" started-at="2023-08-09T16:11:08 IST" name="testAndroidUserActions" data-provider="thirdrockTestData" finished-at="2023-08-09T16:11:15 IST" duration-ms="6357" status="PASS">
          <params>
            <param index="0">
              <value>
                <![CDATA[{appPackage=com.thirdrock, execution=Yes, noReset=TRUE, elementId2=, elementId1=//*[contains(@text,'Continue')], deviceName=Pixel 6 API 33, appPath=/Users/rajatrawat/Documents/appium-mobile-automation/app-prod-devel-release.apk, elementId4=, Sheet Name=Name: /xl/worksheets/sheet3.xml - Content Type: application/vnd.openxmlformats-officedocument.spreadsheetml.worksheet+xml, elementId3=, appActivity=com.thirdrock.view.activity.StartActivity, platformVersion=13, testMethod=Click Continue Button, automationName=UiAutomator2, action=ClickContinueButton, platformName=Android, value=}]]>
              </value>
            </param>
          </params>
          <reporter-output>
          </reporter-output>
        </test-method> <!-- testAndroidUserActions -->
        <test-method is-config="true" signature="launchAppBeforeTestMethod()[pri:0, instance:com.algoworks.automationmobile.base_RR.ThridRockTestCases@2445445a]" started-at="2023-08-09T16:11:15 IST" name="launchAppBeforeTestMethod" finished-at="2023-08-09T16:11:16 IST" duration-ms="1172" status="PASS">
          <reporter-output>
          </reporter-output>
        </test-method> <!-- launchAppBeforeTestMethod -->
        <test-method signature="testAndroidUserActions(java.util.Map)[pri:0, instance:com.algoworks.automationmobile.base_RR.ThridRockTestCases@2445445a]" started-at="2023-08-09T16:11:16 IST" name="testAndroidUserActions" data-provider="thirdrockTestData" finished-at="2023-08-09T16:12:49 IST" duration-ms="92841" status="FAIL">
          <params>
            <param index="0">
              <value>
                <![CDATA[{appPackage=com.thirdrock, execution=Yes, noReset=TRUE, elementId2=//*[contains(@text,'Continue')], elementId1=//*[contains(@text,'Continue')], deviceName=Pixel 6 API 33, appPath=/Users/rajatrawat/Documents/appium-mobile-automation/app-prod-devel-release.apk, elementId4=//*[contains(@text,'Welcome Inceptor')], Sheet Name=Name: /xl/worksheets/sheet3.xml - Content Type: application/vnd.openxmlformats-officedocument.spreadsheetml.worksheet+xml, elementId3=//*[contains(@text,'Get Started')], appActivity=com.thirdrock.view.activity.StartActivity, platformVersion=13, testMethod=navigateToFirstScreenTest, automationName=UiAutomator2, action=NavigateToFirstScreen, platformName=Android, value=}]]>
              </value>
            </param>
          </params>
          <exception class="java.lang.AssertionError">
            <message>
              <![CDATA[Navigation to the first screen failed.]]>
            </message>
            <full-stacktrace>
              <![CDATA[java.lang.AssertionError: Navigation to the first screen failed.
at org.testng.Assert.fail(Assert.java:111)
at com.algoworks.automationmobile.base_RR.ThirdRockAppAction.navigateToFirstScreen(ThirdRockAppAction.java:127)
at com.algoworks.automationmobile.base_RR.ThridRockTestCases.testAndroidUserActions(ThridRockTestCases.java:85)
at java.base/jdk.internal.reflect.NativeMethodAccessorImpl.invoke0(Native Method)
at java.base/jdk.internal.reflect.NativeMethodAccessorImpl.invoke(NativeMethodAccessorImpl.java:62)
at java.base/jdk.internal.reflect.DelegatingMethodAccessorImpl.invoke(DelegatingMethodAccessorImpl.java:43)
at java.base/java.lang.reflect.Method.invoke(Method.java:566)
at org.testng.internal.invokers.MethodInvocationHelper.invokeMethod(MethodInvocationHelper.java:139)
at org.testng.internal.invokers.TestInvoker.invokeMethod(TestInvoker.java:664)
at org.testng.internal.invokers.TestInvoker.invokeTestMethod(TestInvoker.java:227)
at org.testng.internal.invokers.MethodRunner.runInSequence(MethodRunner.java:50)
at org.testng.internal.invokers.TestInvoker$MethodInvocationAgent.invoke(TestInvoker.java:957)
at org.testng.internal.invokers.TestInvoker.invokeTestMethods(TestInvoker.java:200)
at org.testng.internal.invokers.TestMethodWorker.invokeTestMethods(TestMethodWorker.java:148)
at org.testng.internal.invokers.TestMethodWorker.run(TestMethodWorker.java:128)
at java.base/java.util.ArrayList.forEach(ArrayList.java:1541)
at org.testng.TestRunner.privateRun(TestRunner.java:848)
at org.testng.TestRunner.run(TestRunner.java:621)
at org.testng.SuiteRunner.runTest(SuiteRunner.java:443)
at org.testng.SuiteRunner.runSequentially(SuiteRunner.java:437)
at org.testng.SuiteRunner.privateRun(SuiteRunner.java:397)
at org.testng.SuiteRunner.run(SuiteRunner.java:336)
at org.testng.SuiteRunnerWorker.runSuite(SuiteRunnerWorker.java:52)
at org.testng.SuiteRunnerWorker.run(SuiteRunnerWorker.java:95)
at org.testng.TestNG.runSuitesSequentially(TestNG.java:1280)
at org.testng.TestNG.runSuitesLocally(TestNG.java:1200)
at org.testng.TestNG.runSuites(TestNG.java:1114)
at org.testng.TestNG.run(TestNG.java:1082)
at org.apache.maven.surefire.testng.TestNGExecutor.run(TestNGExecutor.java:284)
at org.apache.maven.surefire.testng.TestNGXmlTestSuite.execute(TestNGXmlTestSuite.java:75)
at org.apache.maven.surefire.testng.TestNGProvider.invoke(TestNGProvider.java:119)
at org.apache.maven.surefire.booter.ForkedBooter.runSuitesInProcess(ForkedBooter.java:428)
at org.apache.maven.surefire.booter.ForkedBooter.execute(ForkedBooter.java:162)
at org.apache.maven.surefire.booter.ForkedBooter.run(ForkedBooter.java:562)
at org.apache.maven.surefire.booter.ForkedBooter.main(ForkedBooter.java:548)
]]>
            </full-stacktrace>
          </exception> <!-- java.lang.AssertionError -->
          <reporter-output>
          </reporter-output>
        </test-method> <!-- testAndroidUserActions -->
        <test-method is-config="true" signature="launchAppBeforeTestMethod()[pri:0, instance:com.algoworks.automationmobile.base_RR.ThridRockTestCases@2445445a]" started-at="2023-08-09T16:12:49 IST" name="launchAppBeforeTestMethod" finished-at="2023-08-09T16:12:50 IST" duration-ms="1265" status="PASS">
          <reporter-output>
          </reporter-output>
        </test-method> <!-- launchAppBeforeTestMethod -->
        <test-method signature="testAndroidUserActions(java.util.Map)[pri:0, instance:com.algoworks.automationmobile.base_RR.ThridRockTestCases@2445445a]" started-at="2023-08-09T16:12:50 IST" name="testAndroidUserActions" data-provider="thirdrockTestData" finished-at="2023-08-09T16:12:57 IST" duration-ms="7371" status="PASS">
          <params>
            <param index="0">
              <value>
                <![CDATA[{appPackage=com.thirdrock, execution=Yes, noReset=TRUE, elementId2=com.thirdrock:id/tvSkip, elementId1=//*[contains(@text,'Continue')], deviceName=Pixel 6 API 33, appPath=/Users/rajatrawat/Documents/appium-mobile-automation/app-prod-devel-release.apk, elementId4=, Sheet Name=Name: /xl/worksheets/sheet3.xml - Content Type: application/vnd.openxmlformats-officedocument.spreadsheetml.worksheet+xml, elementId3=//*[contains(@text,'Welcome Inceptor')], appActivity=com.thirdrock.view.activity.StartActivity, platformVersion=13, testMethod=Click Skip Button, automationName=UiAutomator2, action=ClickSkipButton, platformName=Android, value=}]]>
              </value>
            </param>
          </params>
          <reporter-output>
          </reporter-output>
        </test-method> <!-- testAndroidUserActions -->
        <test-method is-config="true" signature="quitAppiumDrivers()[pri:0, instance:com.algoworks.automationmobile.base_RR.ThridRockTestCases@2445445a]" started-at="2023-08-09T16:12:57 IST" name="quitAppiumDrivers" finished-at="2023-08-09T16:12:58 IST" duration-ms="401" status="PASS">
          <reporter-output>
          </reporter-output>
        </test-method> <!-- quitAppiumDrivers -->
      </class> <!-- com.algoworks.automationmobile.base_RR.ThridRockTestCases -->
    </test> <!-- Android Test Cases -->
  </suite> <!-- Mobile App Test Suite -->
</testng-results>
