<?xml version="1.0" encoding="UTF-8"?>
<!-- Generated by org.testng.reporters.JUnitXMLReporter -->
<testsuite ignored="0" hostname="Rajats-MacBook-Pro.local" failures="1" tests="8" name="Android Test Cases" time="171.33" errors="0" timestamp="2023-08-09T16:12:58 IST">
  <testcase classname="com.algoworks.automationmobile.base_RR.ThridRockTestCases" name="testAndroidUserActions" time="0.358"/>
  <testcase classname="com.algoworks.automationmobile.base_RR.ThridRockTestCases" name="testAndroidUserActions" time="0.081"/>
  <testcase classname="com.algoworks.automationmobile.base_RR.ThridRockTestCases" name="testAndroidUserActions" time="0.156"/>
  <testcase classname="com.algoworks.automationmobile.base_RR.ThridRockTestCases" name="testAndroidUserActions" time="0.472"/>
  <testcase classname="com.algoworks.automationmobile.base_RR.ThridRockTestCases" name="testAndroidUserActions" time="4.54"/>
  <testcase classname="com.algoworks.automationmobile.base_RR.ThridRockTestCases" name="testAndroidUserActions" time="6.357"/>
  <testcase classname="com.algoworks.automationmobile.base_RR.ThridRockTestCases" name="testAndroidUserActions" time="92.841">
    <failure type="java.lang.AssertionError" message="Navigation to the first screen failed.">
      <![CDATA[java.lang.AssertionError: Navigation to the first screen failed.
at com.algoworks.automationmobile.base_RR.ThirdRockAppAction.navigateToFirstScreen(ThirdRockAppAction.java:127)
at com.algoworks.automationmobile.base_RR.ThridRockTestCases.testAndroidUserActions(ThridRockTestCases.java:85)
at java.base/java.util.ArrayList.forEach(ArrayList.java:1541)
... Removed 32 stack frames]]>
    </failure>
  </testcase> <!-- testAndroidUserActions -->
  <testcase classname="com.algoworks.automationmobile.base_RR.ThridRockTestCases" name="testAndroidUserActions" time="7.371"/>
</testsuite> <!-- Android Test Cases -->
