<?xml version="1.0" encoding="UTF-8"?>
<!-- Generated by org.testng.reporters.JUnitXMLReporter -->
<testsuite ignored="0" hostname="Rajats-MacBook-Pro.local" failures="0" tests="8" name="Android Test Cases" time="129.14" errors="0" timestamp="2023-08-10T17:10:38 IST">
  <testcase classname="com.algoworks.automationmobile.base_RR.ThridRockTestCases" name="testAndroidUserActions1" time="1.855"/>
  <testcase classname="com.algoworks.automationmobile.base_RR.ThridRockTestCases" name="testAndroidUserActions1" time="1.515"/>
  <testcase classname="com.algoworks.automationmobile.base_RR.ThridRockTestCases" name="testAndroidUserActions1" time="1.609"/>
  <testcase classname="com.algoworks.automationmobile.base_RR.ThridRockTestCases" name="testAndroidUserActions1" time="1.742"/>
  <testcase classname="com.algoworks.automationmobile.base_RR.ThridRockTestCases" name="testAndroidUserActions1" time="5.183"/>
  <testcase classname="com.algoworks.automationmobile.base_RR.ThridRockTestCases" name="testAndroidUserActions1" time="27.903"/>
  <testcase classname="com.algoworks.automationmobile.base_RR.ThridRockTestCases" name="testAndroidUserActions1" time="27.614"/>
  <testcase classname="com.algoworks.automationmobile.base_RR.ThridRockTestCases" name="testAndroidUserActions1" time="6.546"/>
</testsuite> <!-- Android Test Cases -->
